<?xml version="1.0" encoding="utf-8"?><testsuites name="pytest tests"><testsuite name="pytest" errors="0" failures="1" skipped="0" tests="24" time="7.156" timestamp="2026-07-12T18:23:15.726832+00:00" hostname="agent-env-0693c6eb-c6bb-4c6e-abc7-9f1c55103b59"><testcase classname="backend_test" name="test_health" time="0.274" /><testcase classname="backend_test" name="test_super_admin_login_returns_super_admin_role" time="0.543" /><testcase classname="backend_test" name="test_demo_tenant_login_has_tenant_id_and_role" time="0.467" /><testcase classname="backend_test" name="test_login_wrong_password_returns_401" time="0.354" /><testcase classname="backend_test" name="test_register_password_min_length_validation" time="0.105" /><testcase classname="backend_test" name="test_register_duplicate_slug_rejected" time="0.493" /><testcase classname="backend_test" name="test_public_menu_no_table" time="0.101" /><testcase classname="backend_test" name="test_public_menu_with_table" time="0.097" /><testcase classname="backend_test" name="test_tenant_dishes" time="0.100" /><testcase classname="backend_test" name="test_tenant_categories" time="0.174" /><testcase classname="backend_test" name="test_tenant_tables" time="0.101" /><testcase classname="backend_test" name="test_tenant_analytics" time="0.112" /><testcase classname="backend_test" name="test_new_tenant_isolation" time="0.568" /><testcase classname="backend_test" name="test_place_order_returns_id_and_total" time="0.213" /><testcase classname="backend_test" name="test_tenant_can_see_placed_order" time="0.608" /><testcase classname="backend_test" name="test_order_status_transitions" time="0.315" /><testcase classname="backend_test" name="test_analytics_reflects_placed_order" time="0.091" /><testcase classname="backend_test" name="test_upload_video_marks_pending_review" time="0.853" /><testcase classname="backend_test" name="test_super_admin_upload_model_makes_dish_ready" time="0.628"><failure message="assert 403 == 200&#10; +  where 403 = &lt;Response [403]&gt;.status_code">backend/tests/backend_test.py:295: in test_super_admin_upload_model_makes_dish_ready
    assert g.status_code == 200
E   assert 403 == 200
E    +  where 403 = &lt;Response [403]&gt;.status_code</failure></testcase><testcase classname="backend_test" name="test_kds_websocket_snapshot_and_new_order" time="0.416" /><testcase classname="backend_test" name="test_super_admin_stats" time="0.104" /><testcase classname="backend_test" name="test_super_admin_tenants_list" time="0.114" /><testcase classname="backend_test" name="test_cannot_access_others_order" time="0.107" /><testcase classname="backend_test" name="test_unauthenticated_tenant_endpoint_401" time="0.111" /></testsuite></testsuites>