<?xml version="1.0" encoding="utf-8"?><testsuites name="pytest tests"><testsuite name="pytest" errors="0" failures="0" skipped="0" tests="27" time="6.822" timestamp="2026-07-13T10:26:20.865635+00:00" hostname="agent-env-0693c6eb-c6bb-4c6e-abc7-9f1c55103b59"><testcase classname="backend_test" name="test_health" time="0.276" /><testcase classname="backend_test" name="test_super_admin_login_returns_super_admin_role" time="0.419" /><testcase classname="backend_test" name="test_demo_tenant_login_has_tenant_id_and_role" time="0.410" /><testcase classname="backend_test" name="test_login_wrong_password_returns_401" time="0.327" /><testcase classname="backend_test" name="test_register_password_min_length_validation" time="0.096" /><testcase classname="backend_test" name="test_register_duplicate_slug_rejected" time="0.436" /><testcase classname="backend_test" name="test_public_menu_no_table" time="0.095" /><testcase classname="backend_test" name="test_public_menu_with_table" time="0.097" /><testcase classname="backend_test" name="test_tenant_dishes" time="0.102" /><testcase classname="backend_test" name="test_tenant_categories" time="0.255" /><testcase classname="backend_test" name="test_tenant_tables" time="0.097" /><testcase classname="backend_test" name="test_tenant_analytics" time="0.103" /><testcase classname="backend_test" name="test_new_tenant_isolation" time="0.477" /><testcase classname="backend_test" name="test_place_order_returns_id_and_total" time="0.206" /><testcase classname="backend_test" name="test_tenant_can_see_placed_order" time="0.600" /><testcase classname="backend_test" name="test_order_status_transitions" time="0.301" /><testcase classname="backend_test" name="test_analytics_reflects_placed_order" time="0.097" /><testcase classname="backend_test" name="test_upload_video_marks_pending_review" time="0.515" /><testcase classname="backend_test" name="test_super_admin_upload_model_makes_dish_ready" time="0.290" /><testcase classname="backend_test" name="test_local_storage_writes_files_to_disk" time="0.138" /><testcase classname="backend_test" name="test_no_emergent_integration_in_storage_code" time="0.000" /><testcase classname="backend_test" name="test_tenant_categories_crud_and_isolation" time="0.604" /><testcase classname="backend_test" name="test_kds_websocket_snapshot_and_new_order" time="0.392" /><testcase classname="backend_test" name="test_super_admin_stats" time="0.099" /><testcase classname="backend_test" name="test_super_admin_tenants_list" time="0.102" /><testcase classname="backend_test" name="test_cannot_access_others_order" time="0.100" /><testcase classname="backend_test" name="test_unauthenticated_tenant_endpoint_401" time="0.093" /></testsuite></testsuites>